{"name": "To verify the muliple rows added and capture the screenshot", "status": "broken", "statusDetails": {"message": "selenium.common.exceptions.NoSuchElementException: Message: Could not locate element with visible text: PRO-006-Dates; For documentation on this error, please visit: https://www.selenium.dev/documentation/webdriver/troubleshooting/errors#nosuchelementexception", "trace": "driver = <selenium.webdriver.chrome.webdriver.WebDriver (session=\"a22876308da6e4c4627d68d548c59338\")>\nitems = [('PRO-008-Orange', '3', '240'), ('PRO-006-Dates', '3', '240')]\n\n    @allure.title(\"To verify the muliple rows added and capture the screenshot\")\n    @allure.description(\"To verify the muliple rows added and capture the screenshot\")\n    @allure.severity(allure.severity_level.NORMAL)\n    @allure.testcase(\"TC_0010\")\n    # @pytest.mark.parametrize(\"product_id,qty,rate\", [(\"PRO-008-Orange\",\"3\",\"240\"),(\"PRO-006-Dates\",\"3\",\"240\")])\n    \n    @pytest.mark.parametrize(\n        \"items\",\n        [\n            [\n                (\"PRO-008-Orange\",\"3\",\"240\"),\n                (\"PRO-006-Dates\",\"3\",\"240\")\n            ]\n        ]\n    )\n    def test_multiple_row_added(driver, items):\n        form_page = BillCreation(driver)\n        form_page.page_url()\n        for product_id, qty, rate in items:\n            form_page.click_add_row_btn()\n>           form_page.add_line_item(product_id, qty, rate)\n\nTest\\test_bill_creation.py:162: \n_ _ _ _ _ _ _ _ _ _ _ _ _ _ _ _ _ _ _ _ _ _ _ _ _ _ _ _ _ _ _ _ _ _ _ _ _ _ _ _ _ _ _ _ _ _ _ _ _ _ _ _ _ _ _ _ _ _ _ _ _ _ _ _ _ _ _ _ _ _ _ _ _ _ _\nPages\\bill_creation_page.py:56: in add_line_item\n    select_element.select_by_visible_text(product_id)\n_ _ _ _ _ _ _ _ _ _ _ _ _ _ _ _ _ _ _ _ _ _ _ _ _ _ _ _ _ _ _ _ _ _ _ _ _ _ _ _ _ _ _ _ _ _ _ _ _ _ _ _ _ _ _ _ _ _ _ _ _ _ _ _ _ _ _ _ _ _ _ _ _ _ _\n\nself = <selenium.webdriver.support.select.Select object at 0x0000029A169B4750>, text = 'PRO-006-Dates'\n\n    def select_by_visible_text(self, text: str) -> None:\n        \"\"\"Select all options that display text matching the argument. That is,\n        when given \"Bar\" this would select an option like:\n    \n         <option value=\"foo\">Bar</option>\n    \n        :Args:\n         - text - The visible text to match against\n    \n         throws NoSuchElementException If there is no option with specified text in SELECT\n        \"\"\"\n        xpath = f\".//option[normalize-space(.) = {self._escape_string(text)}]\"\n        opts = self._el.find_elements(By.XPATH, xpath)\n        matched = False\n        for opt in opts:\n            if not self._has_css_property_and_visible(opt):\n                raise NoSuchElementException(f\"Invisible option with text: {text}\")\n            self._set_selected(opt)\n            if not self.is_multiple:\n                return\n            matched = True\n    \n        if len(opts) == 0 and \" \" in text:\n            sub_string_without_space = self._get_longest_token(text)\n            if sub_string_without_space == \"\":\n                candidates = self.options\n            else:\n                xpath = f\".//option[contains(.,{self._escape_string(sub_string_without_space)})]\"\n                candidates = self._el.find_elements(By.XPATH, xpath)\n            for candidate in candidates:\n                if text == candidate.text:\n                    if not self._has_css_property_and_visible(candidate):\n                        raise NoSuchElementException(f\"Invisible option with text: {text}\")\n                    self._set_selected(candidate)\n                    if not self.is_multiple:\n                        return\n                    matched = True\n    \n        if not matched:\n>           raise NoSuchElementException(f\"Could not locate element with visible text: {text}\")\nE           selenium.common.exceptions.NoSuchElementException: Message: Could not locate element with visible text: PRO-006-Dates; For documentation on this error, please visit: https://www.selenium.dev/documentation/webdriver/troubleshooting/errors#nosuchelementexception\n\nFrappe-Model-Screen\\Lib\\site-packages\\selenium\\webdriver\\support\\select.py:139: NoSuchElementException"}, "description": "To verify the muliple rows added and capture the screenshot", "parameters": [{"name": "items", "value": "[('PRO-008-Orange', '3', '240'), ('PRO-006-Dates', '3', '240')]"}], "start": 1754929935740, "stop": 1754929977816, "uuid": "59e84188-a178-4f18-ac71-cdf334414bc8", "historyId": "ef2709afc42f821c51184c485194bb58", "testCaseId": "558d3fa4b756ce908ede3536c1bd4335", "fullName": "Test.test_bill_creation#test_multiple_row_added", "labels": [{"name": "severity", "value": "normal"}, {"name": "parentSuite", "value": "Test"}, {"name": "suite", "value": "test_bill_creation"}, {"name": "host", "value": "DESKTOP-D5ES2FE"}, {"name": "thread", "value": "7652-MainThread"}, {"name": "framework", "value": "pytest"}, {"name": "language", "value": "cpython3"}, {"name": "package", "value": "Test.test_bill_creation"}], "links": [{"type": "tms", "url": "TC_0010", "name": "TC_0010"}], "titlePath": ["Test", "test_bill_creation.py"]}