{"name": "To verify the new product should not be allowed in the select field", "status": "broken", "statusDetails": {"message": "selenium.common.exceptions.NoSuchElementException: Message: Could not locate element with visible text: PRO-009-Curd; For documentation on this error, please visit: https://www.selenium.dev/documentation/webdriver/troubleshooting/errors#nosuchelementexception", "trace": "driver = <selenium.webdriver.chrome.webdriver.WebDriver (session=\"411ace49bea8ccf7bcc8158e870756d8\")>, product_id = 'PRO-009-Curd', qty = '3'\nrate = '20'\n\n    @allure.title(\"To verify the new product should not be allowed in the select field\")\n    @allure.description(\"To verify the new product should not be allowed in the select field\")\n    @allure.severity(allure.severity_level.NORMAL)\n    @allure.testcase(\"TC_003\")\n    @allure.story(\"Test Add Row Button\")\n    @pytest.mark.parametrize(\"product_id,qty,rate\", [(\"PRO-009-Curd\",\"3\",\"20\")])\n    def test_select_field(driver, product_id, qty, rate):\n        print(\"Add row button click..\")\n        logger.info(\"Test Working\")\n        form_page = BillCreation(driver)\n        form_page.page_url()\n        form_page.click_add_row_btn()\n>       form_page.add_line_item(product_id, qty, rate)\n\nTest\\test_bill_creation.py:47: \n_ _ _ _ _ _ _ _ _ _ _ _ _ _ _ _ _ _ _ _ _ _ _ _ _ _ _ _ _ _ _ _ _ _ _ _ _ _ _ _ _ _ _ _ _ _ _ _ _ _ _ _ _ _ _ _ _ _ _ _ _ _ _ _ _ _ _ _ _ _ _ _ _ _ _\nPages\\bill_creation_page.py:56: in add_line_item\n    select_element.select_by_visible_text(product_id)\n_ _ _ _ _ _ _ _ _ _ _ _ _ _ _ _ _ _ _ _ _ _ _ _ _ _ _ _ _ _ _ _ _ _ _ _ _ _ _ _ _ _ _ _ _ _ _ _ _ _ _ _ _ _ _ _ _ _ _ _ _ _ _ _ _ _ _ _ _ _ _ _ _ _ _\n\nself = <selenium.webdriver.support.select.Select object at 0x0000029A1690F750>, text = 'PRO-009-Curd'\n\n    def select_by_visible_text(self, text: str) -> None:\n        \"\"\"Select all options that display text matching the argument. That is,\n        when given \"Bar\" this would select an option like:\n    \n         <option value=\"foo\">Bar</option>\n    \n        :Args:\n         - text - The visible text to match against\n    \n         throws NoSuchElementException If there is no option with specified text in SELECT\n        \"\"\"\n        xpath = f\".//option[normalize-space(.) = {self._escape_string(text)}]\"\n        opts = self._el.find_elements(By.XPATH, xpath)\n        matched = False\n        for opt in opts:\n            if not self._has_css_property_and_visible(opt):\n                raise NoSuchElementException(f\"Invisible option with text: {text}\")\n            self._set_selected(opt)\n            if not self.is_multiple:\n                return\n            matched = True\n    \n        if len(opts) == 0 and \" \" in text:\n            sub_string_without_space = self._get_longest_token(text)\n            if sub_string_without_space == \"\":\n                candidates = self.options\n            else:\n                xpath = f\".//option[contains(.,{self._escape_string(sub_string_without_space)})]\"\n                candidates = self._el.find_elements(By.XPATH, xpath)\n            for candidate in candidates:\n                if text == candidate.text:\n                    if not self._has_css_property_and_visible(candidate):\n                        raise NoSuchElementException(f\"Invisible option with text: {text}\")\n                    self._set_selected(candidate)\n                    if not self.is_multiple:\n                        return\n                    matched = True\n    \n        if not matched:\n>           raise NoSuchElementException(f\"Could not locate element with visible text: {text}\")\nE           selenium.common.exceptions.NoSuchElementException: Message: Could not locate element with visible text: PRO-009-Curd; For documentation on this error, please visit: https://www.selenium.dev/documentation/webdriver/troubleshooting/errors#nosuchelementexception\n\nFrappe-Model-Screen\\Lib\\site-packages\\selenium\\webdriver\\support\\select.py:139: NoSuchElementException"}, "description": "To verify the new product should not be allowed in the select field", "parameters": [{"name": "product_id", "value": "'PRO-009-Curd'"}, {"name": "qty", "value": "'3'"}, {"name": "rate", "value": "'20'"}], "start": 1754929745359, "stop": 1754929763973, "uuid": "b106fddf-e8e4-4e08-9f05-f12e4d9765bc", "historyId": "939c45a5f5a9c0593ceea4e9c5f02d2b", "testCaseId": "cc7a709eaa972efa3dcc766ba1da89d2", "fullName": "Test.test_bill_creation#test_select_field", "labels": [{"name": "story", "value": "Test Add Row Button"}, {"name": "severity", "value": "normal"}, {"name": "parentSuite", "value": "Test"}, {"name": "suite", "value": "test_bill_creation"}, {"name": "host", "value": "DESKTOP-D5ES2FE"}, {"name": "thread", "value": "7652-MainThread"}, {"name": "framework", "value": "pytest"}, {"name": "language", "value": "cpython3"}, {"name": "package", "value": "Test.test_bill_creation"}], "links": [{"type": "tms", "url": "TC_003", "name": "TC_003"}], "titlePath": ["Test", "test_bill_creation.py"]}